Log file open, 10/02/23 01:25:26
LogWindows: Failed to load 'aqProf.dll' (GetLastError=126)
LogWindows: File 'aqProf.dll' does not exist
LogWindows: Failed to load 'VtuneApi.dll' (GetLastError=126)
LogWindows: File 'VtuneApi.dll' does not exist
LogWindows: Failed to load 'VtuneApi32e.dll' (GetLastError=126)
LogWindows: File 'VtuneApi32e.dll' does not exist
LogConsoleResponse: Display: Failed to find resolution value strings in scalability ini. Falling back to default.
LogInit: Display: Running engine for game: Basics
LogPlatformFile: Not using cached read wrapper
LogTaskGraph: Started task graph with 5 named threads and 35 total threads with 3 sets of task threads.
LogStats: Stats thread started at 0.073067
LogD3D11RHI: Loaded GFSDK_Aftermath_Lib.x64.dll
LogICUInternationalization: ICU TimeZone Detection - Raw Offset: -3:00, Platform Override: ''
LogPluginManager: Mounting plugin Paper2D
LogPluginManager: Mounting plugin AISupport
LogPluginManager: Mounting plugin LightPropagationVolume
LogPluginManager: Mounting plugin ActorLayerUtilities
LogPluginManager: Mounting plugin AnimationSharing
LogPluginManager: Mounting plugin CLionSourceCodeAccess
LogPluginManager: Mounting plugin CodeLiteSourceCodeAccess
LogPluginManager: Mounting plugin GitSourceControl
LogPluginManager: Mounting plugin KDevelopSourceCodeAccess
LogPluginManager: Mounting plugin NullSourceCodeAccess
LogPluginManager: Mounting plugin PerforceSourceControl
LogPluginManager: Mounting plugin PlasticSourceControl
LogPluginManager: Mounting plugin SubversionSourceControl
LogPluginManager: Mounting plugin UObjectPlugin
LogPluginManager: Mounting plugin VisualStudioCodeSourceCodeAccess
LogPluginManager: Mounting plugin VisualStudioSourceCodeAccess
LogPluginManager: Mounting plugin XCodeSourceCodeAccess
LogPluginManager: Mounting plugin AssetManagerEditor
LogPluginManager: Mounting plugin CryptoKeys
LogPluginManager: Mounting plugin CurveEditorTools
LogPluginManager: Mounting plugin DataValidation
LogPluginManager: Mounting plugin FacialAnimation
LogPluginManager: Mounting plugin GameplayTagsEditor
LogPluginManager: Mounting plugin MacGraphicsSwitching
LogPluginManager: Mounting plugin MaterialAnalyzer
LogPluginManager: Mounting plugin MobileLauncherProfileWizard
LogPluginManager: Mounting plugin PluginBrowser
LogPluginManager: Mounting plugin SpeedTreeImporter
LogPluginManager: Mounting plugin DatasmithContent
LogPluginManager: Mounting plugin VariantManagerContent
LogPluginManager: Mounting plugin AlembicImporter
LogPluginManager: Mounting plugin AutomationUtils
LogPluginManager: Mounting plugin BackChannel
LogPluginManager: Mounting plugin CharacterAI
LogPluginManager: Mounting plugin GeometryCache
LogPluginManager: Mounting plugin PlatformCrypto
LogPluginManager: Mounting plugin ProxyLODPlugin
LogPluginManager: Mounting plugin SkeletalReduction
LogPluginManager: Mounting plugin MagicLeap
LogPluginManager: Mounting plugin MagicLeapMedia
LogPluginManager: Mounting plugin MLSDK
LogPluginManager: Mounting plugin AndroidMedia
LogPluginManager: Mounting plugin AvfMedia
LogPluginManager: Mounting plugin ImgMedia
LogPluginManager: Mounting plugin MediaCompositing
LogPluginManager: Mounting plugin MediaPlayerEditor
LogPluginManager: Mounting plugin WebMMedia
LogPluginManager: Mounting plugin WmfMedia
LogPluginManager: Mounting plugin TcpMessaging
LogPluginManager: Mounting plugin UdpMessaging
LogPluginManager: Mounting plugin ActorSequence
LogPluginManager: Mounting plugin LevelSequenceEditor
LogPluginManager: Mounting plugin MatineeToLevelSequence
LogPluginManager: Mounting plugin NetcodeUnitTest
LogPluginManager: Mounting plugin NUTUnrealEngine4
LogPluginManager: Mounting plugin OnlineSubsystemGooglePlay
LogPluginManager: Mounting plugin OnlineSubsystemIOS
LogPluginManager: Mounting plugin OnlineSubsystem
LogPluginManager: Mounting plugin OnlineSubsystemNull
LogPluginManager: Mounting plugin OnlineSubsystemUtils
LogPluginManager: Mounting plugin LauncherChunkInstaller
LogPluginManager: Mounting plugin AndroidDeviceProfileSelector
LogPluginManager: Mounting plugin AndroidMoviePlayer
LogPluginManager: Mounting plugin AndroidPermission
LogPluginManager: Mounting plugin AppleImageUtils
LogPluginManager: Mounting plugin AppleMoviePlayer
LogPluginManager: Mounting plugin ArchVisCharacter
LogPluginManager: Mounting plugin AssetTags
LogPluginManager: Mounting plugin AudioCapture
LogPluginManager: Mounting plugin CableComponent
LogPluginManager: Mounting plugin CustomMeshComponent
LogPluginManager: Mounting plugin EditableMesh
LogPluginManager: Mounting plugin ExampleDeviceProfileSelector
LogPluginManager: Mounting plugin GoogleCloudMessaging
LogPluginManager: Mounting plugin IOSDeviceProfileSelector
LogPluginManager: Mounting plugin LinuxDeviceProfileSelector
LogPluginManager: Mounting plugin LocationServicesBPLibrary
LogPluginManager: Mounting plugin MobilePatchingUtils
LogPluginManager: Mounting plugin OculusVR
LogPluginManager: Mounting plugin PhysXVehicles
LogPluginManager: Mounting plugin PostSplashScreen
LogPluginManager: Mounting plugin ProceduralMeshComponent
LogPluginManager: Mounting plugin RuntimePhysXCooking
LogPluginManager: Mounting plugin SignificanceManager
LogPluginManager: Mounting plugin SteamVR
LogPluginManager: Mounting plugin WebMMoviePlayer
LogPluginManager: Mounting plugin WindowsMoviePlayer
LogPluginManager: Mounting plugin ScreenshotTools
LogInit: Using libcurl 7.55.1-DEV
LogInit:  - built for x86_64-pc-win32
LogInit:  - supports SSL with OpenSSL/1.1.1
LogInit:  - supports HTTP deflate (compression) using libz 1.2.8
LogInit:  - other features:
LogInit:      CURL_VERSION_SSL
LogInit:      CURL_VERSION_LIBZ
LogInit:      CURL_VERSION_IPV6
LogInit:      CURL_VERSION_ASYNCHDNS
LogInit:      CURL_VERSION_LARGEFILE
LogInit:      CURL_VERSION_IDN
LogInit:  CurlRequestOptions (configurable via config and command line):
LogInit:  - bVerifyPeer = true  - Libcurl will verify peer certificate
LogInit:  - bUseHttpProxy = false  - Libcurl will NOT use HTTP proxy
LogInit:  - bDontReuseConnections = false  - Libcurl will reuse connections
LogInit:  - MaxHostConnections = 16  - Libcurl will limit the number of connections to a host
LogInit:  - LocalHostAddr = Default
LogInit:  - BufferSize = 65536
LogOnline: OSS: Creating online subsystem instance for: NULL
LogInit: WinSock: version 1.1 (2.2), MaxSocks=32767, MaxUdp=65467
LogOnline: OSS: TryLoadSubsystemAndSetDefault: Loaded subsystem for module [NULL]
LogInit: Build: ++UE4+Release-4.24-CL-11590370
LogInit: Engine Version: 4.24.3-11590370+++UE4+Release-4.24
LogInit: Compatible Engine Version: 4.24.0-10570792+++UE4+Release-4.24
LogInit: Net CL: 10570792
LogInit: OS: Windows 10 (Release 2009) (), CPU: AMD Ryzen 5 2600X Six-Core Processor           , GPU: NVIDIA GeForce GTX 1060 6GB
LogInit: Compiled (64-bit): Feb 24 2020 15:39:18
LogInit: Compiled with Visual C++: 19.16.27032.01
LogInit: Build Configuration: Development
LogInit: Branch Name: ++UE4+Release-4.24
LogInit: Command Line: 
LogInit: Base Directory: D:/Epica/UE_4.24/Engine/Binaries/Win64/
LogInit: Installed Engine Build: 1
LogDevObjectVersion: Number of dev versions registered: 25
LogDevObjectVersion:   Dev-Blueprints (B0D832E4-1F89-4F0D-ACCF-7EB736FD4AA2): 10
LogDevObjectVersion:   Dev-Build (E1C64328-A22C-4D53-A36C-8E866417BD8C): 0
LogDevObjectVersion:   Dev-Core (375EC13C-06E4-48FB-B500-84F0262A717E): 3
LogDevObjectVersion:   Dev-Editor (E4B068ED-F494-42E9-A231-DA0B2E46BB41): 37
LogDevObjectVersion:   Dev-Framework (CFFC743F-43B0-4480-9391-14DF171D2073): 36
LogDevObjectVersion:   Dev-Mobile (B02B49B5-BB20-44E9-A304-32B752E40360): 2
LogDevObjectVersion:   Dev-Networking (A4E4105C-59A1-49B5-A7C5-40C4547EDFEE): 0
LogDevObjectVersion:   Dev-Online (39C831C9-5AE6-47DC-9A44-9C173E1C8E7C): 0
LogDevObjectVersion:   Dev-Physics (78F01B33-EBEA-4F98-B9B4-84EACCB95AA2): 2
LogDevObjectVersion:   Dev-Platform (6631380F-2D4D-43E0-8009-CF276956A95A): 0
LogDevObjectVersion:   Dev-Rendering (12F88B9F-8875-4AFC-A67C-D90C383ABD29): 36
LogDevObjectVersion:   Dev-Sequencer (7B5AE74C-D270-4C10-A958-57980B212A5A): 11
LogDevObjectVersion:   Dev-VR (D7296918-1DD6-4BDD-9DE2-64A83CC13884): 2
LogDevObjectVersion:   Dev-LoadTimes (C2A15278-BFE7-4AFE-6C17-90FF531DF755): 1
LogDevObjectVersion:   Private-Geometry (6EACA3D4-40EC-4CC1-B786-8BED09428FC5): 3
LogDevObjectVersion:   Dev-AnimPhys (29E575DD-E0A3-4627-9D10-D276232CDCEA): 17
LogDevObjectVersion:   Dev-Anim (AF43A65D-7FD3-4947-9873-3E8ED9C1BB05): 2
LogDevObjectVersion:   Dev-ReflectionCapture (6B266CEC-1EC7-4B8F-A30B-E4D90942FC07): 1
LogDevObjectVersion:   Dev-Automation (0DF73D61-A23F-47EA-B727-89E90C41499A): 1
LogDevObjectVersion:   FortniteMain (601D1886-AC64-4F84-AA16-D3DE0DEAC7D6): 31
LogDevObjectVersion:   Dev-Enterprise (9DFFBCD6-494F-0158-E221-12823C92A888): 8
LogDevObjectVersion:   Dev-Niagara (F2AED0AC-9AFE-416F-8664-AA7FFA26D6FC): 1
LogDevObjectVersion:   Dev-Destruction (174F1F0B-B4C6-45A5-B13F-2EE8D0FB917D): 9
LogDevObjectVersion:   Dev-Physics-Ext (35F94A83-E258-406C-A318-09F59610247C): 8
LogDevObjectVersion:   Dev-CineCamera (B2E18506-4273-CFC2-A54E-F4BB758BBA07): 1
LogInit: Presizing for max 25165824 objects, including 0 objects not considered by GC, pre-allocating 0 bytes for permanent pool.
LogInit: Object subsystem initialized
LogConfig: Setting CVar [[con.DebugEarlyDefault:1]]
LogConfig: Setting CVar [[r.setres:1280x720]]
[2023.10.02-04.25.26:312][  0]LogConfig: Setting CVar [[r.VSync:0]]
[2023.10.02-04.25.26:312][  0]LogConfig: Setting CVar [[r.RHICmdBypass:0]]
[2023.10.02-04.25.26:312][  0]LogConfig: Applying CVar settings from Section [/Script/Engine.RendererSettings] File [D:/Projeto Unreal/Basics/Saved/Config/Windows/Engine.ini]
[2023.10.02-04.25.26:312][  0]LogConfig: Setting CVar [[r.GPUCrashDebugging:0]]
[2023.10.02-04.25.26:312][  0]LogConfig: Applying CVar settings from Section [/Script/Engine.RendererOverrideSettings] File [D:/Projeto Unreal/Basics/Saved/Config/Windows/Engine.ini]
[2023.10.02-04.25.26:312][  0]LogConfig: Applying CVar settings from Section [/Script/Engine.StreamingSettings] File [D:/Projeto Unreal/Basics/Saved/Config/Windows/Engine.ini]
[2023.10.02-04.25.26:312][  0]LogConfig: Setting CVar [[s.MinBulkDataSizeForAsyncLoading:131072]]
[2023.10.02-04.25.26:312][  0]LogConfig: Setting CVar [[s.AsyncLoadingThreadEnabled:0]]
[2023.10.02-04.25.26:312][  0]LogConfig: Setting CVar [[s.EventDrivenLoaderEnabled:1]]
[2023.10.02-04.25.26:312][  0]LogConfig: Setting CVar [[s.WarnIfTimeLimitExceeded:0]]
[2023.10.02-04.25.26:312][  0]LogConfig: Setting CVar [[s.TimeLimitExceededMultiplier:1.5]]
[2023.10.02-04.25.26:312][  0]LogConfig: Setting CVar [[s.TimeLimitExceededMinTime:0.005]]
[2023.10.02-04.25.26:312][  0]LogConfig: Setting CVar [[s.UseBackgroundLevelStreaming:1]]
[2023.10.02-04.25.26:312][  0]LogConfig: Setting CVar [[s.PriorityAsyncLoadingExtraTime:15.0]]
[2023.10.02-04.25.26:312][  0]LogConfig: Setting CVar [[s.LevelStreamingActorsUpdateTimeLimit:5.0]]
[2023.10.02-04.25.26:312][  0]LogConfig: Setting CVar [[s.PriorityLevelStreamingActorsUpdateExtraTime:5.0]]
[2023.10.02-04.25.26:312][  0]LogConfig: Setting CVar [[s.LevelStreamingComponentsRegistrationGranularity:10]]
[2023.10.02-04.25.26:312][  0]LogConfig: Setting CVar [[s.UnregisterComponentsTimeLimit:1.0]]
[2023.10.02-04.25.26:312][  0]LogConfig: Setting CVar [[s.LevelStreamingComponentsUnregistrationGranularity:5]]
[2023.10.02-04.25.26:312][  0]LogConfig: Setting CVar [[s.FlushStreamingOnExit:1]]
[2023.10.02-04.25.26:312][  0]LogConfig: Applying CVar settings from Section [/Script/Engine.GarbageCollectionSettings] File [D:/Projeto Unreal/Basics/Saved/Config/Windows/Engine.ini]
[2023.10.02-04.25.26:312][  0]LogConfig: Setting CVar [[gc.MaxObjectsNotConsideredByGC:1]]
[2023.10.02-04.25.26:312][  0]LogConfig: Setting CVar [[gc.SizeOfPermanentObjectPool:0]]
[2023.10.02-04.25.26:312][  0]LogConfig: Setting CVar [[gc.FlushStreamingOnGC:0]]
[2023.10.02-04.25.26:312][  0]LogConfig: Setting CVar [[gc.NumRetriesBeforeForcingGC:10]]
[2023.10.02-04.25.26:312][  0]LogConfig: Setting CVar [[gc.AllowParallelGC:1]]
[2023.10.02-04.25.26:312][  0]LogConfig: Setting CVar [[gc.TimeBetweenPurgingPendingKillObjects:61.1]]
[2023.10.02-04.25.26:312][  0]LogConfig: Setting CVar [[gc.MaxObjectsInEditor:25165824]]
[2023.10.02-04.25.26:312][  0]LogConfig: Setting CVar [[gc.IncrementalBeginDestroyEnabled:1]]
[2023.10.02-04.25.26:313][  0]LogConfig: Setting CVar [[gc.CreateGCClusters:1]]
[2023.10.02-04.25.26:313][  0]LogConfig: Setting CVar [[gc.MinGCClusterSize:5]]
[2023.10.02-04.25.26:313][  0]LogConfig: Setting CVar [[gc.ActorClusteringEnabled:0]]
[2023.10.02-04.25.26:313][  0]LogConfig: Setting CVar [[gc.BlueprintClusteringEnabled:0]]
[2023.10.02-04.25.26:313][  0]LogConfig: Setting CVar [[gc.UseDisregardForGCOnDedicatedServers:0]]
[2023.10.02-04.25.26:313][  0]LogConfig: Applying CVar settings from Section [/Script/Engine.NetworkSettings] File [D:/Projeto Unreal/Basics/Saved/Config/Windows/Engine.ini]
[2023.10.02-04.25.26:313][  0]LogConfig: Applying CVar settings from Section [/Script/UnrealEd.CookerSettings] File [D:/Projeto Unreal/Basics/Saved/Config/Windows/Engine.ini]
[2023.10.02-04.25.26:317][  0]LogConfig: Applying CVar settings from Section [ViewDistanceQuality@3] File [D:/Projeto Unreal/Basics/Saved/Config/Windows/Scalability.ini]
[2023.10.02-04.25.26:317][  0]LogConfig: Setting CVar [[r.SkeletalMeshLODBias:0]]
[2023.10.02-04.25.26:317][  0]LogConfig: Setting CVar [[r.ViewDistanceScale:1.0]]
[2023.10.02-04.25.26:317][  0]LogConfig: Applying CVar settings from Section [AntiAliasingQuality@3] File [D:/Projeto Unreal/Basics/Saved/Config/Windows/Scalability.ini]
[2023.10.02-04.25.26:317][  0]LogConfig: Setting CVar [[r.PostProcessAAQuality:4]]
[2023.10.02-04.25.26:317][  0]LogConfig: Applying CVar settings from Section [ShadowQuality@3] File [D:/Projeto Unreal/Basics/Saved/Config/Windows/Scalability.ini]
[2023.10.02-04.25.26:317][  0]LogConfig: Setting CVar [[r.LightFunctionQuality:1]]
[2023.10.02-04.25.26:317][  0]LogConfig: Setting CVar [[r.ShadowQuality:5]]
[2023.10.02-04.25.26:317][  0]LogConfig: Setting CVar [[r.Shadow.CSM.MaxCascades:10]]
[2023.10.02-04.25.26:317][  0]LogConfig: Setting CVar [[r.Shadow.MaxResolution:2048]]
[2023.10.02-04.25.26:317][  0]LogConfig: Setting CVar [[r.Shadow.MaxCSMResolution:2048]]
[2023.10.02-04.25.26:317][  0]LogConfig: Setting CVar [[r.Shadow.RadiusThreshold:0.01]]
[2023.10.02-04.25.26:317][  0]LogConfig: Setting CVar [[r.Shadow.DistanceScale:1.0]]
[2023.10.02-04.25.26:317][  0]LogConfig: Setting CVar [[r.Shadow.CSM.TransitionScale:1.0]]
[2023.10.02-04.25.26:317][  0]LogConfig: Setting CVar [[r.Shadow.PreShadowResolutionFactor:1.0]]
[2023.10.02-04.25.26:317][  0]LogConfig: Setting CVar [[r.DistanceFieldShadowing:1]]
[2023.10.02-04.25.26:317][  0]LogConfig: Setting CVar [[r.DistanceFieldAO:1]]
[2023.10.02-04.25.26:317][  0]LogConfig: Setting CVar [[r.AOQuality:2]]
[2023.10.02-04.25.26:317][  0]LogConfig: Setting CVar [[r.VolumetricFog:1]]
[2023.10.02-04.25.26:317][  0]LogConfig: Setting CVar [[r.VolumetricFog.GridPixelSize:8]]
[2023.10.02-04.25.26:317][  0]LogConfig: Setting CVar [[r.VolumetricFog.GridSizeZ:128]]
[2023.10.02-04.25.26:317][  0]LogConfig: Setting CVar [[r.VolumetricFog.HistoryMissSupersampleCount:4]]
[2023.10.02-04.25.26:317][  0]LogConfig: Setting CVar [[r.LightMaxDrawDistanceScale:1]]
[2023.10.02-04.25.26:317][  0]LogConfig: Setting CVar [[r.CapsuleShadows:1]]
[2023.10.02-04.25.26:317][  0]LogConfig: Applying CVar settings from Section [PostProcessQuality@3] File [D:/Projeto Unreal/Basics/Saved/Config/Windows/Scalability.ini]
[2023.10.02-04.25.26:317][  0]LogConfig: Setting CVar [[r.MotionBlurQuality:4]]
[2023.10.02-04.25.26:317][  0]LogConfig: Setting CVar [[r.AmbientOcclusionMipLevelFactor:0.4]]
[2023.10.02-04.25.26:317][  0]LogConfig: Setting CVar [[r.AmbientOcclusionMaxQuality:100]]
[2023.10.02-04.25.26:317][  0]LogConfig: Setting CVar [[r.AmbientOcclusionLevels:-1]]
[2023.10.02-04.25.26:317][  0]LogConfig: Setting CVar [[r.AmbientOcclusionRadiusScale:1.0]]
[2023.10.02-04.25.26:317][  0]LogConfig: Setting CVar [[r.DepthOfFieldQuality:2]]
[2023.10.02-04.25.26:317][  0]LogConfig: Setting CVar [[r.RenderTargetPoolMin:400]]
[2023.10.02-04.25.26:317][  0]LogConfig: Setting CVar [[r.LensFlareQuality:2]]
[2023.10.02-04.25.26:317][  0]LogConfig: Setting CVar [[r.SceneColorFringeQuality:1]]
[2023.10.02-04.25.26:317][  0]LogConfig: Setting CVar [[r.EyeAdaptationQuality:2]]
[2023.10.02-04.25.26:317][  0]LogConfig: Setting CVar [[r.BloomQuality:5]]
[2023.10.02-04.25.26:317][  0]LogConfig: Setting CVar [[r.FastBlurThreshold:100]]
[2023.10.02-04.25.26:317][  0]LogConfig: Setting CVar [[r.Upscale.Quality:3]]
[2023.10.02-04.25.26:317][  0]LogConfig: Setting CVar [[r.Tonemapper.GrainQuantization:1]]
[2023.10.02-04.25.26:317][  0]LogConfig: Setting CVar [[r.LightShaftQuality:1]]
[2023.10.02-04.25.26:317][  0]LogConfig: Setting CVar [[r.Filter.SizeScale:1]]
[2023.10.02-04.25.26:317][  0]LogConfig: Setting CVar [[r.Tonemapper.Quality:5]]
[2023.10.02-04.25.26:317][  0]LogConfig: Setting CVar [[r.DOF.Gather.AccumulatorQuality:1        ; higher gathering accumulator quality]]
[2023.10.02-04.25.26:317][  0]LogConfig: Setting CVar [[r.DOF.Gather.PostfilterMethod:1          ; Median3x3 postfilering method]]
[2023.10.02-04.25.26:317][  0]LogConfig: Setting CVar [[r.DOF.Gather.EnableBokehSettings:0       ; no bokeh simulation when gathering]]
[2023.10.02-04.25.26:317][  0]LogConfig: Setting CVar [[r.DOF.Gather.RingCount:4                 ; medium number of samples when gathering]]
[2023.10.02-04.25.26:317][  0]LogConfig: Setting CVar [[r.DOF.Scatter.ForegroundCompositing:1    ; additive foreground scattering]]
[2023.10.02-04.25.26:317][  0]LogConfig: Setting CVar [[r.DOF.Scatter.BackgroundCompositing:2    ; additive background scattering]]
[2023.10.02-04.25.26:317][  0]LogConfig: Setting CVar [[r.DOF.Scatter.EnableBokehSettings:1      ; bokeh simulation when scattering]]
[2023.10.02-04.25.26:317][  0]LogConfig: Setting CVar [[r.DOF.Scatter.MaxSpriteRatio:0.1         ; only a maximum of 10% of scattered bokeh]]
[2023.10.02-04.25.26:317][  0]LogConfig: Setting CVar [[r.DOF.Recombine.Quality:1                ; cheap slight out of focus]]
[2023.10.02-04.25.26:317][  0]LogConfig: Setting CVar [[r.DOF.Recombine.EnableBokehSettings:0    ; no bokeh simulation on slight out of focus]]
[2023.10.02-04.25.26:317][  0]LogConfig: Setting CVar [[r.DOF.TemporalAAQuality:1                ; more stable temporal accumulation]]
[2023.10.02-04.25.26:317][  0]LogConfig: Setting CVar [[r.DOF.Kernel.MaxForegroundRadius:0.025]]
[2023.10.02-04.25.26:317][  0]LogConfig: Setting CVar [[r.DOF.Kernel.MaxBackgroundRadius:0.025]]
[2023.10.02-04.25.26:317][  0]LogConfig: Applying CVar settings from Section [TextureQuality@3] File [D:/Projeto Unreal/Basics/Saved/Config/Windows/Scalability.ini]
[2023.10.02-04.25.26:317][  0]LogConfig: Setting CVar [[r.Streaming.MipBias:0]]
[2023.10.02-04.25.26:317][  0]LogConfig: Setting CVar [[r.Streaming.AmortizeCPUToGPUCopy:0]]
[2023.10.02-04.25.26:317][  0]LogConfig: Setting CVar [[r.Streaming.MaxNumTexturesToStreamPerFrame:0]]
[2023.10.02-04.25.26:317][  0]LogConfig: Setting CVar [[r.Streaming.Boost:1]]
[2023.10.02-04.25.26:317][  0]LogConfig: Setting CVar [[r.MaxAnisotropy:8]]
[2023.10.02-04.25.26:317][  0]LogConfig: Setting CVar [[r.VT.MaxAnisotropy:8]]
[2023.10.02-04.25.26:317][  0]LogConfig: Setting CVar [[r.Streaming.LimitPoolSizeToVRAM:0]]
[2023.10.02-04.25.26:317][  0]LogConfig: Setting CVar [[r.Streaming.PoolSize:1000]]
[2023.10.02-04.25.26:317][  0]LogConfig: Setting CVar [[r.Streaming.MaxEffectiveScreenSize:0]]
[2023.10.02-04.25.26:317][  0]LogConfig: Applying CVar settings from Section [EffectsQuality@3] File [D:/Projeto Unreal/Basics/Saved/Config/Windows/Scalability.ini]
[2023.10.02-04.25.26:317][  0]LogConfig: Setting CVar [[r.TranslucencyLightingVolumeDim:64]]
[2023.10.02-04.25.26:317][  0]LogConfig: Setting CVar [[r.RefractionQuality:2]]
[2023.10.02-04.25.26:317][  0]LogConfig: Setting CVar [[r.SSR.Quality:3]]
[2023.10.02-04.25.26:317][  0]LogConfig: Setting CVar [[r.SSR.HalfResSceneColor:0]]
[2023.10.02-04.25.26:317][  0]LogConfig: Setting CVar [[r.SceneColorFormat:4]]
[2023.10.02-04.25.26:317][  0]LogConfig: Setting CVar [[r.DetailMode:2]]
[2023.10.02-04.25.26:317][  0]LogConfig: Setting CVar [[r.TranslucencyVolumeBlur:1]]
[2023.10.02-04.25.26:317][  0]LogConfig: Setting CVar [[r.MaterialQualityLevel:1 ; High quality]]
[2023.10.02-04.25.26:317][  0]LogConfig: Setting CVar [[r.SSS.Scale:1]]
[2023.10.02-04.25.26:317][  0]LogConfig: Setting CVar [[r.SSS.SampleSet:2]]
[2023.10.02-04.25.26:317][  0]LogConfig: Setting CVar [[r.SSS.Quality:1]]
[2023.10.02-04.25.26:318][  0]LogConfig: Setting CVar [[r.SSS.HalfRes:1]]
[2023.10.02-04.25.26:318][  0]LogConfig: Setting CVar [[r.SSGI.Quality:3]]
[2023.10.02-04.25.26:318][  0]LogConfig: Setting CVar [[r.EmitterSpawnRateScale:1.0]]
[2023.10.02-04.25.26:318][  0]LogConfig: Setting CVar [[r.ParticleLightQuality:2]]
[2023.10.02-04.25.26:318][  0]LogConfig: Setting CVar [[r.SkyAtmosphere.AerialPerspectiveLUT.FastApplyOnOpaque:1 ; Always have FastSkyLUT 1 in this case to avoid wrong sky]]
[2023.10.02-04.25.26:318][  0]LogConfig: Setting CVar [[r.SkyAtmosphere.AerialPerspectiveLUT.SampleCountPerSlice:1]]
[2023.10.02-04.25.26:318][  0]LogConfig: Setting CVar [[r.SkyAtmosphere.AerialPerspectiveLUT.DepthResolution:16.0]]
[2023.10.02-04.25.26:318][  0]LogConfig: Setting CVar [[r.SkyAtmosphere.FastSkyLUT:1]]
[2023.10.02-04.25.26:318][  0]LogConfig: Setting CVar [[r.SkyAtmosphere.FastSkyLUT.SampleCountMin:4.0]]
[2023.10.02-04.25.26:318][  0]LogConfig: Setting CVar [[r.SkyAtmosphere.FastSkyLUT.SampleCountMax:32.0]]
[2023.10.02-04.25.26:318][  0]LogConfig: Setting CVar [[r.SkyAtmosphere.SampleCountMin:4.0]]
[2023.10.02-04.25.26:318][  0]LogConfig: Setting CVar [[r.SkyAtmosphere.SampleCountMax:32.0]]
[2023.10.02-04.25.26:318][  0]LogConfig: Setting CVar [[r.SkyAtmosphere.TransmittanceLUT.UseSmallFormat:0]]
[2023.10.02-04.25.26:318][  0]LogConfig: Setting CVar [[r.SkyAtmosphere.TransmittanceLUT.SampleCount:10.0]]
[2023.10.02-04.25.26:318][  0]LogConfig: Setting CVar [[r.SkyAtmosphere.MultiScatteringLUT.SampleCount:15.0]]
[2023.10.02-04.25.26:318][  0]LogConfig: Applying CVar settings from Section [FoliageQuality@3] File [D:/Projeto Unreal/Basics/Saved/Config/Windows/Scalability.ini]
[2023.10.02-04.25.26:318][  0]LogConfig: Setting CVar [[foliage.DensityScale:1.0]]
[2023.10.02-04.25.26:318][  0]LogConfig: Setting CVar [[grass.DensityScale:1.0]]
[2023.10.02-04.25.26:318][  0]LogConfig: Applying CVar settings from Section [ShadingQuality@3] File [D:/Projeto Unreal/Basics/Saved/Config/Windows/Scalability.ini]
[2023.10.02-04.25.26:318][  0]LogConfig: Setting CVar [[r.HairStrands.SkyLighting.SampleCount:16]]
[2023.10.02-04.25.26:318][  0]LogConfig: Setting CVar [[r.HairStrands.SkyLighting.JitterIntegration:0]]
[2023.10.02-04.25.26:318][  0]LogConfig: Setting CVar [[r.HairStrands.SkyAO.SampleCount:16]]
[2023.10.02-04.25.26:318][  0]LogInit: Selected Device Profile: [Windows]
[2023.10.02-04.25.26:318][  0]LogInit: Applying CVar settings loaded from the selected device profile: [Windows]
[2023.10.02-04.25.26:320][  0]LogHAL: Display: Platform has ~ 16 GB [17128022016 / 17179869184 / 16], which maps to Larger [LargestMinGB=32, LargerMinGB=12, DefaultMinGB=8, SmallerMinGB=6, SmallestMinGB=0)
[2023.10.02-04.25.26:320][  0]LogInit: Going up to parent DeviceProfile []
[2023.10.02-04.25.26:320][  0]LogConfig: Applying CVar settings from Section [ViewDistanceQuality@3] File [D:/Projeto Unreal/Basics/Saved/Config/Windows/Scalability.ini]
[2023.10.02-04.25.26:320][  0]LogConfig: Setting CVar [[r.SkeletalMeshLODBias:0]]
[2023.10.02-04.25.26:320][  0]LogConfig: Setting CVar [[r.ViewDistanceScale:1.0]]
[2023.10.02-04.25.26:320][  0]LogConfig: Applying CVar settings from Section [AntiAliasingQuality@3] File [D:/Projeto Unreal/Basics/Saved/Config/Windows/Scalability.ini]
[2023.10.02-04.25.26:320][  0]LogConfig: Setting CVar [[r.PostProcessAAQuality:4]]
[2023.10.02-04.25.26:321][  0]LogConfig: Applying CVar settings from Section [ShadowQuality@3] File [D:/Projeto Unreal/Basics/Saved/Config/Windows/Scalability.ini]
[2023.10.02-04.25.26:321][  0]LogConfig: Setting CVar [[r.LightFunctionQuality:1]]
[2023.10.02-04.25.26:321][  0]LogConfig: Setting CVar [[r.ShadowQuality:5]]
[2023.10.02-04.25.26:321][  0]LogConfig: Setting CVar [[r.Shadow.CSM.MaxCascades:10]]
[2023.10.02-04.25.26:321][  0]LogConfig: Setting CVar [[r.Shadow.MaxResolution:2048]]
[2023.10.02-04.25.26:321][  0]LogConfig: Setting CVar [[r.Shadow.MaxCSMResolution:2048]]
[2023.10.02-04.25.26:321][  0]LogConfig: Setting CVar [[r.Shadow.RadiusThreshold:0.01]]
[2023.10.02-04.25.26:321][  0]LogConfig: Setting CVar [[r.Shadow.DistanceScale:1.0]]
[2023.10.02-04.25.26:321][  0]LogConfig: Setting CVar [[r.Shadow.CSM.TransitionScale:1.0]]
[2023.10.02-04.25.26:321][  0]LogConfig: Setting CVar [[r.Shadow.PreShadowResolutionFactor:1.0]]
[2023.10.02-04.25.26:321][  0]LogConfig: Setting CVar [[r.DistanceFieldShadowing:1]]
[2023.10.02-04.25.26:321][  0]LogConfig: Setting CVar [[r.DistanceFieldAO:1]]
[2023.10.02-04.25.26:321][  0]LogConfig: Setting CVar [[r.AOQuality:2]]
[2023.10.02-04.25.26:321][  0]LogConfig: Setting CVar [[r.VolumetricFog:1]]
[2023.10.02-04.25.26:321][  0]LogConfig: Setting CVar [[r.VolumetricFog.GridPixelSize:8]]
[2023.10.02-04.25.26:321][  0]LogConfig: Setting CVar [[r.VolumetricFog.GridSizeZ:128]]
[2023.10.02-04.25.26:321][  0]LogConfig: Setting CVar [[r.VolumetricFog.HistoryMissSupersampleCount:4]]
[2023.10.02-04.25.26:321][  0]LogConfig: Setting CVar [[r.LightMaxDrawDistanceScale:1]]
[2023.10.02-04.25.26:321][  0]LogConfig: Setting CVar [[r.CapsuleShadows:1]]
[2023.10.02-04.25.26:321][  0]LogConfig: Applying CVar settings from Section [PostProcessQuality@3] File [D:/Projeto Unreal/Basics/Saved/Config/Windows/Scalability.ini]
[2023.10.02-04.25.26:321][  0]LogConfig: Setting CVar [[r.MotionBlurQuality:4]]
[2023.10.02-04.25.26:321][  0]LogConfig: Setting CVar [[r.AmbientOcclusionMipLevelFactor:0.4]]
[2023.10.02-04.25.26:321][  0]LogConfig: Setting CVar [[r.AmbientOcclusionMaxQuality:100]]
[2023.10.02-04.25.26:321][  0]LogConfig: Setting CVar [[r.AmbientOcclusionLevels:-1]]
[2023.10.02-04.25.26:321][  0]LogConfig: Setting CVar [[r.AmbientOcclusionRadiusScale:1.0]]
[2023.10.02-04.25.26:321][  0]LogConfig: Setting CVar [[r.DepthOfFieldQuality:2]]
[2023.10.02-04.25.26:321][  0]LogConfig: Setting CVar [[r.RenderTargetPoolMin:400]]
[2023.10.02-04.25.26:321][  0]LogConfig: Setting CVar [[r.LensFlareQuality:2]]
[2023.10.02-04.25.26:321][  0]LogConfig: Setting CVar [[r.SceneColorFringeQuality:1]]
[2023.10.02-04.25.26:321][  0]LogConfig: Setting CVar [[r.EyeAdaptationQuality:2]]
[2023.10.02-04.25.26:321][  0]LogConfig: Setting CVar [[r.BloomQuality:5]]
[2023.10.02-04.25.26:321][  0]LogConfig: Setting CVar [[r.FastBlurThreshold:100]]
[2023.10.02-04.25.26:321][  0]LogConfig: Setting CVar [[r.Upscale.Quality:3]]
[2023.10.02-04.25.26:321][  0]LogConfig: Setting CVar [[r.Tonemapper.GrainQuantization:1]]
[2023.10.02-04.25.26:321][  0]LogConfig: Setting CVar [[r.LightShaftQuality:1]]
[2023.10.02-04.25.26:321][  0]LogConfig: Setting CVar [[r.Filter.SizeScale:1]]
[2023.10.02-04.25.26:321][  0]LogConfig: Setting CVar [[r.Tonemapper.Quality:5]]
[2023.10.02-04.25.26:321][  0]LogConfig: Setting CVar [[r.DOF.Gather.AccumulatorQuality:1        ; higher gathering accumulator quality]]
[2023.10.02-04.25.26:321][  0]LogConfig: Setting CVar [[r.DOF.Gather.PostfilterMethod:1          ; Median3x3 postfilering method]]
[2023.10.02-04.25.26:321][  0]LogConfig: Setting CVar [[r.DOF.Gather.EnableBokehSettings:0       ; no bokeh simulation when gathering]]
[2023.10.02-04.25.26:321][  0]LogConfig: Setting CVar [[r.DOF.Gather.RingCount:4                 ; medium number of samples when gathering]]
[2023.10.02-04.25.26:321][  0]LogConfig: Setting CVar [[r.DOF.Scatter.ForegroundCompositing:1    ; additive foreground scattering]]
[2023.10.02-04.25.26:321][  0]LogConfig: Setting CVar [[r.DOF.Scatter.BackgroundCompositing:2    ; additive background scattering]]
[2023.10.02-04.25.26:321][  0]LogConfig: Setting CVar [[r.DOF.Scatter.EnableBokehSettings:1      ; bokeh simulation when scattering]]
[2023.10.02-04.25.26:321][  0]LogConfig: Setting CVar [[r.DOF.Scatter.MaxSpriteRatio:0.1         ; only a maximum of 10% of scattered bokeh]]
[2023.10.02-04.25.26:321][  0]LogConfig: Setting CVar [[r.DOF.Recombine.Quality:1                ; cheap slight out of focus]]
[2023.10.02-04.25.26:321][  0]LogConfig: Setting CVar [[r.DOF.Recombine.EnableBokehSettings:0    ; no bokeh simulation on slight out of focus]]
[2023.10.02-04.25.26:321][  0]LogConfig: Setting CVar [[r.DOF.TemporalAAQuality:1                ; more stable temporal accumulation]]
[2023.10.02-04.25.26:321][  0]LogConfig: Setting CVar [[r.DOF.Kernel.MaxForegroundRadius:0.025]]
[2023.10.02-04.25.26:321][  0]LogConfig: Setting CVar [[r.DOF.Kernel.MaxBackgroundRadius:0.025]]
[2023.10.02-04.25.26:321][  0]LogConfig: Applying CVar settings from Section [TextureQuality@3] File [D:/Projeto Unreal/Basics/Saved/Config/Windows/Scalability.ini]
[2023.10.02-04.25.26:321][  0]LogConfig: Setting CVar [[r.Streaming.MipBias:0]]
[2023.10.02-04.25.26:321][  0]LogConfig: Setting CVar [[r.Streaming.AmortizeCPUToGPUCopy:0]]
[2023.10.02-04.25.26:321][  0]LogConfig: Setting CVar [[r.Streaming.MaxNumTexturesToStreamPerFrame:0]]
[2023.10.02-04.25.26:321][  0]LogConfig: Setting CVar [[r.Streaming.Boost:1]]
[2023.10.02-04.25.26:321][  0]LogConfig: Setting CVar [[r.MaxAnisotropy:8]]
[2023.10.02-04.25.26:321][  0]LogConfig: Setting CVar [[r.VT.MaxAnisotropy:8]]
[2023.10.02-04.25.26:321][  0]LogConfig: Setting CVar [[r.Streaming.LimitPoolSizeToVRAM:0]]
[2023.10.02-04.25.26:321][  0]LogConfig: Setting CVar [[r.Streaming.PoolSize:1000]]
[2023.10.02-04.25.26:321][  0]LogConfig: Setting CVar [[r.Streaming.MaxEffectiveScreenSize:0]]
[2023.10.02-04.25.26:321][  0]LogConfig: Applying CVar settings from Section [EffectsQuality@3] File [D:/Projeto Unreal/Basics/Saved/Config/Windows/Scalability.ini]
[2023.10.02-04.25.26:321][  0]LogConfig: Setting CVar [[r.TranslucencyLightingVolumeDim:64]]
[2023.10.02-04.25.26:321][  0]LogConfig: Setting CVar [[r.RefractionQuality:2]]
[2023.10.02-04.25.26:321][  0]LogConfig: Setting CVar [[r.SSR.Quality:3]]
[2023.10.02-04.25.26:321][  0]LogConfig: Setting CVar [[r.SSR.HalfResSceneColor:0]]
[2023.10.02-04.25.26:321][  0]LogConfig: Setting CVar [[r.SceneColorFormat:4]]
[2023.10.02-04.25.26:321][  0]LogConfig: Setting CVar [[r.DetailMode:2]]
[2023.10.02-04.25.26:321][  0]LogConfig: Setting CVar [[r.TranslucencyVolumeBlur:1]]
[2023.10.02-04.25.26:321][  0]LogConfig: Setting CVar [[r.MaterialQualityLevel:1 ; High quality]]
[2023.10.02-04.25.26:321][  0]LogConfig: Setting CVar [[r.SSS.Scale:1]]
[2023.10.02-04.25.26:321][  0]LogConfig: Setting CVar [[r.SSS.SampleSet:2]]
[2023.10.02-04.25.26:321][  0]LogConfig: Setting CVar [[r.SSS.Quality:1]]
[2023.10.02-04.25.26:321][  0]LogConfig: Setting CVar [[r.SSS.HalfRes:1]]
[2023.10.02-04.25.26:321][  0]LogConfig: Setting CVar [[r.SSGI.Quality:3]]
[2023.10.02-04.25.26:321][  0]LogConfig: Setting CVar [[r.EmitterSpawnRateScale:1.0]]
[2023.10.02-04.25.26:321][  0]LogConfig: Setting CVar [[r.ParticleLightQuality:2]]
[2023.10.02-04.25.26:321][  0]LogConfig: Setting CVar [[r.SkyAtmosphere.AerialPerspectiveLUT.FastApplyOnOpaque:1 ; Always have FastSkyLUT 1 in this case to avoid wrong sky]]
[2023.10.02-04.25.26:321][  0]LogConfig: Setting CVar [[r.SkyAtmosphere.AerialPerspectiveLUT.SampleCountPerSlice:1]]
[2023.10.02-04.25.26:321][  0]LogConfig: Setting CVar [[r.SkyAtmosphere.AerialPerspectiveLUT.DepthResolution:16.0]]
[2023.10.02-04.25.26:321][  0]LogConfig: Setting CVar [[r.SkyAtmosphere.FastSkyLUT:1]]
[2023.10.02-04.25.26:321][  0]LogConfig: Setting CVar [[r.SkyAtmosphere.FastSkyLUT.SampleCountMin:4.0]]
[2023.10.02-04.25.26:321][  0]LogConfig: Setting CVar [[r.SkyAtmosphere.FastSkyLUT.SampleCountMax:32.0]]
[2023.10.02-04.25.26:321][  0]LogConfig: Setting CVar [[r.SkyAtmosphere.SampleCountMin:4.0]]
[2023.10.02-04.25.26:322][  0]LogConfig: Setting CVar [[r.SkyAtmosphere.SampleCountMax:32.0]]
[2023.10.02-04.25.26:322][  0]LogConfig: Setting CVar [[r.SkyAtmosphere.TransmittanceLUT.UseSmallFormat:0]]
[2023.10.02-04.25.26:322][  0]LogConfig: Setting CVar [[r.SkyAtmosphere.TransmittanceLUT.SampleCount:10.0]]
[2023.10.02-04.25.26:322][  0]LogConfig: Setting CVar [[r.SkyAtmosphere.MultiScatteringLUT.SampleCount:15.0]]
[2023.10.02-04.25.26:322][  0]LogConfig: Applying CVar settings from Section [FoliageQuality@3] File [D:/Projeto Unreal/Basics/Saved/Config/Windows/Scalability.ini]
[2023.10.02-04.25.26:322][  0]LogConfig: Setting CVar [[foliage.DensityScale:1.0]]
[2023.10.02-04.25.26:322][  0]LogConfig: Setting CVar [[grass.DensityScale:1.0]]
[2023.10.02-04.25.26:322][  0]LogConfig: Applying CVar settings from Section [ShadingQuality@3] File [D:/Projeto Unreal/Basics/Saved/Config/Windows/Scalability.ini]
[2023.10.02-04.25.26:322][  0]LogConfig: Setting CVar [[r.HairStrands.SkyLighting.SampleCount:16]]
[2023.10.02-04.25.26:322][  0]LogConfig: Setting CVar [[r.HairStrands.SkyLighting.JitterIntegration:0]]
[2023.10.02-04.25.26:322][  0]LogConfig: Setting CVar [[r.HairStrands.SkyAO.SampleCount:16]]
[2023.10.02-04.25.26:322][  0]LogConfig: Applying CVar settings from Section [Startup] File [../../../Engine/Config/ConsoleVariables.ini]
[2023.10.02-04.25.26:322][  0]LogConfig: Setting CVar [[net.UseAdaptiveNetUpdateFrequency:0]]
[2023.10.02-04.25.26:322][  0]LogConfig: Setting CVar [[p.chaos.AllowCreatePhysxBodies:1]]
[2023.10.02-04.25.26:322][  0]LogConfig: Applying CVar settings from Section [ConsoleVariables] File [D:/Projeto Unreal/Basics/Saved/Config/Windows/Engine.ini]
[2023.10.02-04.25.26:322][  0]LogInit: Computer: DESKTOP-DESTROY
[2023.10.02-04.25.26:322][  0]LogInit: User: rick
[2023.10.02-04.25.26:322][  0]LogInit: CPU Page size=4096, Cores=6
[2023.10.02-04.25.26:322][  0]LogInit: High frequency timer resolution =10.000000 MHz
[2023.10.02-04.25.26:322][  0]LogMemory: Memory total: Physical=16.0GB (16GB approx)
[2023.10.02-04.25.26:322][  0]LogMemory: Platform Memory Stats for Windows
[2023.10.02-04.25.26:322][  0]LogMemory: Process Physical Memory: 106.03 MB used, 106.04 MB peak
[2023.10.02-04.25.26:322][  0]LogMemory: Process Virtual Memory: 101.52 MB used, 101.52 MB peak
[2023.10.02-04.25.26:322][  0]LogMemory: Physical Memory: 4002.96 MB used,  12331.60 MB free, 16334.55 MB total
[2023.10.02-04.25.26:322][  0]LogMemory: Virtual Memory: 5162.14 MB used,  134212568.00 MB free, 134217728.00 MB total
[2023.10.02-04.25.26:324][  0]LogWindows: WindowsPlatformFeatures enabled
[2023.10.02-04.25.26:358][  0]LogInit: Using OS detected language (pt-BR).
[2023.10.02-04.25.26:358][  0]LogInit: Using OS detected locale (pt-BR).
[2023.10.02-04.25.26:724][  0]LogTextLocalizationResource: LocRes '../../../Engine/Content/Localization/Editor/pt/Editor.locres' could not be opened for reading!
[2023.10.02-04.25.26:724][  0]LogTextLocalizationResource: LocRes '../../../Engine/Content/Localization/EditorTutorials/pt/EditorTutorials.locres' could not be opened for reading!
[2023.10.02-04.25.26:724][  0]LogTextLocalizationResource: LocRes '../../../Engine/Content/Localization/Keywords/pt/Keywords.locres' could not be opened for reading!
[2023.10.02-04.25.26:724][  0]LogTextLocalizationResource: LocRes '../../../Engine/Content/Localization/Category/pt/Category.locres' could not be opened for reading!
[2023.10.02-04.25.26:724][  0]LogTextLocalizationResource: LocRes '../../../Engine/Content/Localization/ToolTips/pt/ToolTips.locres' could not be opened for reading!
[2023.10.02-04.25.26:724][  0]LogTextLocalizationResource: LocRes '../../../Engine/Content/Localization/PropertyNames/pt/PropertyNames.locres' could not be opened for reading!
[2023.10.02-04.25.26:724][  0]LogTextLocalizationResource: LocRes '../../../Engine/Content/Localization/Engine/pt/Engine.locres' could not be opened for reading!
[2023.10.02-04.25.26:724][  0]LogTextLocalizationResource: LocRes '../../../Engine/Plugins/Online/Android/OnlineSubsystemGooglePlay/Content/Localization/OnlineSubsystemGooglePlay/pt/OnlineSubsystemGooglePlay.locres' could not be opened for reading!
[2023.10.02-04.25.26:725][  0]LogTextLocalizationResource: LocRes '../../../Engine/Plugins/Online/IOS/OnlineSubsystemIOS/Content/Localization/OnlineSubsystemIOS/pt/OnlineSubsystemIOS.locres' could not be opened for reading!
[2023.10.02-04.25.26:725][  0]LogTextLocalizationResource: LocRes '../../../Engine/Plugins/Online/OnlineSubsystem/Content/Localization/OnlineSubsystem/pt/OnlineSubsystem.locres' could not be opened for reading!
[2023.10.02-04.25.26:725][  0]LogTextLocalizationResource: LocRes '../../../Engine/Plugins/Online/OnlineSubsystemUtils/Content/Localization/OnlineSubsystemUtils/pt/OnlineSubsystemUtils.locres' could not be opened for reading!
[2023.10.02-04.25.26:759][  0]LogInit: Setting process to per monitor DPI aware
[2023.10.02-04.25.27:434][  0]LogSlate: New Slate User Created.  User Index 0, Is Virtual User: 0
[2023.10.02-04.25.27:434][  0]LogSlate: Slate User Registered.  User Index 0, Is Virtual User: 0
[2023.10.02-04.25.28:707][  0]LogHMD: Failed to initialize OpenVR with code 110
[2023.10.02-04.25.28:707][  0]LogD3D11RHI: D3D11 min allowed feature level: 11_0
[2023.10.02-04.25.28:707][  0]LogD3D11RHI: D3D11 max allowed feature level: 11_0
[2023.10.02-04.25.28:707][  0]LogD3D11RHI: D3D11 adapters:
[2023.10.02-04.25.28:890][  0]LogD3D11RHI:    0. 'NVIDIA GeForce GTX 1060 6GB' (Feature Level 11_0)
[2023.10.02-04.25.28:890][  0]LogD3D11RHI:       6043/0/8167 MB DedicatedVideo/DedicatedSystem/SharedSystem, Outputs:2, VendorId:0x10de
[2023.10.02-04.25.28:893][  0]LogD3D11RHI:    1. 'Microsoft Basic Render Driver' (Feature Level 11_0)
[2023.10.02-04.25.28:893][  0]LogD3D11RHI:       0/0/8167 MB DedicatedVideo/DedicatedSystem/SharedSystem, Outputs:0, VendorId:0x1414
[2023.10.02-04.25.28:893][  0]LogD3D11RHI: Chosen D3D11 Adapter: 0
[2023.10.02-04.25.28:907][  0]LogD3D11RHI: Creating new Direct3DDevice
[2023.10.02-04.25.28:917][  0]LogD3D11RHI:     GPU DeviceId: 0x1c03 (for the marketing name, search the web for "GPU Device Id")
[2023.10.02-04.25.28:917][  0]LogWindows: EnumDisplayDevices:
[2023.10.02-04.25.28:917][  0]LogWindows:    0. 'NVIDIA GeForce GTX 1060 6GB' (P:1 D:1)
[2023.10.02-04.25.28:917][  0]LogWindows:    1. 'NVIDIA GeForce GTX 1060 6GB' (P:0 D:1)
[2023.10.02-04.25.28:917][  0]LogWindows:    2. 'NVIDIA GeForce GTX 1060 6GB' (P:0 D:0)
[2023.10.02-04.25.28:917][  0]LogWindows:    3. 'NVIDIA GeForce GTX 1060 6GB' (P:0 D:0)
[2023.10.02-04.25.28:918][  0]LogWindows: DebugString: FoundDriverCount:4 
[2023.10.02-04.25.28:918][  0]LogD3D11RHI:     Adapter Name: NVIDIA GeForce GTX 1060 6GB
[2023.10.02-04.25.28:918][  0]LogD3D11RHI:   Driver Version: 537.42 (internal:31.0.15.3742, unified:537.42)
[2023.10.02-04.25.28:918][  0]LogD3D11RHI:      Driver Date: 9-12-2023
[2023.10.02-04.25.28:918][  0]LogRHI: Texture pool is 4230 MB (70% of 6043 MB)
[2023.10.02-04.25.29:046][  0]LogD3D11RHI: RHI has support for 64 bit atomics
[2023.10.02-04.25.29:057][  0]LogD3D11RHI: Async texture creation enabled
[2023.10.02-04.25.29:452][  0]LogD3D11RHI: GPU Timing Frequency: 1000.000000 (Debug: 2 1)
[2023.10.02-04.25.30:382][  0]LogTargetPlatformManager: Display: Loaded TargetPlatform 'AllDesktop'
[2023.10.02-04.25.30:490][  0]LogTargetPlatformManager: Display: Loaded TargetPlatform 'Android'
[2023.10.02-04.25.30:490][  0]LogTargetPlatformManager: Display: Loaded TargetPlatform 'Android_ASTC'
[2023.10.02-04.25.30:490][  0]LogTargetPlatformManager: Display: Loaded TargetPlatform 'Android_ATC'
[2023.10.02-04.25.30:490][  0]LogTargetPlatformManager: Display: Loaded TargetPlatform 'Android_DXT'
[2023.10.02-04.25.30:490][  0]LogTargetPlatformManager: Display: Loaded TargetPlatform 'Android_ETC1'
[2023.10.02-04.25.30:490][  0]LogTargetPlatformManager: Display: Loaded TargetPlatform 'Android_ETC1a'
[2023.10.02-04.25.30:490][  0]LogTargetPlatformManager: Display: Loaded TargetPlatform 'Android_ETC2'
[2023.10.02-04.25.30:490][  0]LogTargetPlatformManager: Display: Loaded TargetPlatform 'Android_PVRTC'
[2023.10.02-04.25.30:490][  0]LogTargetPlatformManager: Display: Loaded TargetPlatform 'AndroidClient'
[2023.10.02-04.25.30:490][  0]LogTargetPlatformManager: Display: Loaded TargetPlatform 'Android_ASTCClient'
[2023.10.02-04.25.30:490][  0]LogTargetPlatformManager: Display: Loaded TargetPlatform 'Android_ATCClient'
[2023.10.02-04.25.30:490][  0]LogTargetPlatformManager: Display: Loaded TargetPlatform 'Android_DXTClient'
[2023.10.02-04.25.30:490][  0]LogTargetPlatformManager: Display: Loaded TargetPlatform 'Android_ETC1Client'
[2023.10.02-04.25.30:490][  0]LogTargetPlatformManager: Display: Loaded TargetPlatform 'Android_ETC1aClient'
[2023.10.02-04.25.30:490][  0]LogTargetPlatformManager: Display: Loaded TargetPlatform 'Android_ETC2Client'
[2023.10.02-04.25.30:490][  0]LogTargetPlatformManager: Display: Loaded TargetPlatform 'Android_PVRTCClient'
[2023.10.02-04.25.30:490][  0]LogTargetPlatformManager: Display: Loaded TargetPlatform 'Android_Multi'
[2023.10.02-04.25.30:490][  0]LogTargetPlatformManager: Display: Loaded TargetPlatform 'Android_MultiClient'
[2023.10.02-04.25.30:723][  0]LogTargetPlatformManager: Display: Loaded TargetPlatform 'IOSClient'
[2023.10.02-04.25.30:723][  0]LogTargetPlatformManager: Display: Loaded TargetPlatform 'IOS'
[2023.10.02-04.25.30:750][  0]LogTargetPlatformManager: Display: Loaded TargetPlatform 'LinuxNoEditor'
[2023.10.02-04.25.30:932][  0]LogTargetPlatformManager: Display: Loaded TargetPlatform 'LinuxClient'
[2023.10.02-04.25.30:953][  0]LogTargetPlatformManager: Display: Loaded TargetPlatform 'LinuxServer'
[2023.10.02-04.25.30:983][  0]LogTargetPlatformManager: Display: Loaded TargetPlatform 'LinuxAArch64NoEditor'
[2023.10.02-04.25.30:993][  0]LogTargetPlatformManager: Display: Loaded TargetPlatform 'LinuxAArch64Client'
[2023.10.02-04.25.31:011][  0]LogTargetPlatformManager: Display: Loaded TargetPlatform 'LinuxAArch64Server'
[2023.10.02-04.25.31:057][  0]LogTargetPlatformManager: Display: Loaded TargetPlatform 'Lumin'
[2023.10.02-04.25.31:057][  0]LogTargetPlatformManager: Display: Loaded TargetPlatform 'LuminClient'
[2023.10.02-04.25.31:200][  0]LogTargetPlatformManager: Display: Loaded TargetPlatform 'TVOSClient'
[2023.10.02-04.25.31:200][  0]LogTargetPlatformManager: Display: Loaded TargetPlatform 'TVOS'
[2023.10.02-04.25.31:240][  0]LogTargetPlatformManager: Display: Loaded TargetPlatform 'WindowsNoEditor'
[2023.10.02-04.25.31:278][  0]LogTargetPlatformManager: Display: Loaded TargetPlatform 'Windows'
[2023.10.02-04.25.31:289][  0]LogTargetPlatformManager: Display: Loaded TargetPlatform 'WindowsClient'
[2023.10.02-04.25.31:304][  0]LogTargetPlatformManager: Display: Loaded TargetPlatform 'WindowsServer'
[2023.10.02-04.25.31:304][  0]LogTargetPlatformManager: Display: Building Assets For Windows
[2023.10.02-04.25.31:526][  0]LogAudioDebug: Display: Lib vorbis DLL was dynamically loaded.
[2023.10.02-04.25.32:122][  0]LogShaderCompilers: Guid format shader working directory is 9 characters bigger than the processId version (../../../../../Projeto Unreal/Basics/Intermediate/Shaders/WorkingDirectory/14116/).
[2023.10.02-04.25.32:122][  0]LogShaderCompilers: Cleaned the shader compiler working directory 'C:/Users/rick_/AppData/Local/Temp/UnrealShaderWorkingDir/D2C8EC894789F84CDDA27B8D1DB12A59/'.
[2023.10.02-04.25.32:142][  0]LogXGEController: Cannot use XGE Controller as Incredibuild is not installed on this machine.
[2023.10.02-04.25.32:143][  0]LogShaderCompilers: Cannot use XGE Shader Compiler as Incredibuild is not installed on this machine.
[2023.10.02-04.25.32:143][  0]LogShaderCompilers: Display: Using Local Shader Compiler.
[2023.10.02-04.25.36:122][  0]LogDerivedDataCache: Display: Max Cache Size: 512 MB
[2023.10.02-04.25.36:437][  0]LogDerivedDataCache: Loaded boot cache 0.31s 78MB C:/Users/rick_/AppData/Local/UnrealEngine/4.24/DerivedDataCache/Boot.ddc.
[2023.10.02-04.25.36:437][  0]LogDerivedDataCache: Display: Loaded Boot cache: C:/Users/rick_/AppData/Local/UnrealEngine/4.24/DerivedDataCache/Boot.ddc
[2023.10.02-04.25.36:437][  0]LogDerivedDataCache: FDerivedDataBackendGraph:  Pak pak cache file ../../../../../Projeto Unreal/Basics/DerivedDataCache/DDC.ddp not found, will not use a pak cache.
[2023.10.02-04.25.36:437][  0]LogDerivedDataCache: Unable to find inner node Pak for hierarchical cache Hierarchy.
[2023.10.02-04.25.36:437][  0]LogDerivedDataCache: FDerivedDataBackendGraph:  CompressedPak pak cache file ../../../../../Projeto Unreal/Basics/DerivedDataCache/Compressed.ddp not found, will not use a pak cache.
[2023.10.02-04.25.36:437][  0]LogDerivedDataCache: Unable to find inner node CompressedPak for hierarchical cache Hierarchy.
[2023.10.02-04.25.36:838][  0]LogDerivedDataCache: Display: Pak cache opened for reading ../../../Engine/DerivedDataCache/Compressed.ddp.
[2023.10.02-04.25.36:838][  0]LogDerivedDataCache: FDerivedDataBackendGraph:  EnterprisePak pak cache file ../../../Enterprise/DerivedDataCache/Compressed.ddp not found, will not use a pak cache.
[2023.10.02-04.25.36:838][  0]LogDerivedDataCache: Unable to find inner node EnterprisePak for hierarchical cache Hierarchy.
[2023.10.02-04.25.36:839][  0]LogDerivedDataCache: Using Local data cache path C:/Users/rick_/AppData/Local/UnrealEngine/Common/DerivedDataCache: Writable
[2023.10.02-04.25.36:839][  0]LogDerivedDataCache: Shared data cache path not found in *engine.ini, will not use an Shared cache.
[2023.10.02-04.25.36:839][  0]LogDerivedDataCache: Unable to find inner node Shared for hierarchical cache Hierarchy.
[2023.10.02-04.25.36:929][  0]LogMaterial: Verifying Global Shaders for PCD3D_SM5
[2023.10.02-04.25.37:034][  0]LogSlate: Using FreeType 2.10.0
[2023.10.02-04.25.37:189][  0]LogSlate: SlateFontServices - WITH_FREETYPE: 1, WITH_HARFBUZZ: 1
[2023.10.02-04.25.38:121][  0]LogAssetRegistry: FAssetRegistry took 0.0057 seconds to start up
[2023.10.02-04.25.43:827][  0]LogInit: Selected Device Profile: [Windows]
[2023.10.02-04.25.47:451][  0]LogMeshReduction: Using QuadricMeshReduction for automatic static mesh reduction
[2023.10.02-04.25.47:451][  0]LogMeshReduction: Using SimplygonMeshReduction for automatic skeletal mesh reduction
[2023.10.02-04.25.47:451][  0]LogMeshReduction: Using ProxyLODMeshReduction for automatic mesh merging
[2023.10.02-04.25.47:451][  0]LogMeshReduction: No distributed automatic mesh merging module available
[2023.10.02-04.25.47:451][  0]LogMeshMerging: No distributed automatic mesh merging module available
[2023.10.02-04.25.48:442][  0]LogNetVersion: Basics 1.0.0, NetCL: 10570792, EngineNetVer: 13, GameNetVer: 0 (Checksum: 1124429393)
[2023.10.02-04.26.04:152][  0]LogFileManager: Warning: MoveFile was unable to move '../../../../../Projeto Unreal/Basics/Intermediate/AssetRegistryCache/bc231332.bin.tmp' to '../../../../../Projeto Unreal/Basics/Intermediate/AssetRegistryCache/bc231332.bin', retrying in .5s...
[2023.10.02-04.26.04:654][  0]LogFileManager: Warning: MoveFile was unable to move '../../../../../Projeto Unreal/Basics/Intermediate/AssetRegistryCache/bc231332.bin.tmp' to '../../../../../Projeto Unreal/Basics/Intermediate/AssetRegistryCache/bc231332.bin', retrying in .5s...
[2023.10.02-04.26.05:155][  0]LogFileManager: Warning: MoveFile was unable to move '../../../../../Projeto Unreal/Basics/Intermediate/AssetRegistryCache/bc231332.bin.tmp' to '../../../../../Projeto Unreal/Basics/Intermediate/AssetRegistryCache/bc231332.bin', retrying in .5s...
[2023.10.02-04.26.05:656][  0]LogFileManager: Warning: MoveFile was unable to move '../../../../../Projeto Unreal/Basics/Intermediate/AssetRegistryCache/bc231332.bin.tmp' to '../../../../../Projeto Unreal/Basics/Intermediate/AssetRegistryCache/bc231332.bin', retrying in .5s...
[2023.10.02-04.26.06:157][  0]LogFileManager: Warning: MoveFile was unable to move '../../../../../Projeto Unreal/Basics/Intermediate/AssetRegistryCache/bc231332.bin.tmp' to '../../../../../Projeto Unreal/Basics/Intermediate/AssetRegistryCache/bc231332.bin', retrying in .5s...
[2023.10.02-04.26.06:658][  0]LogFileManager: Warning: MoveFile was unable to move '../../../../../Projeto Unreal/Basics/Intermediate/AssetRegistryCache/bc231332.bin.tmp' to '../../../../../Projeto Unreal/Basics/Intermediate/AssetRegistryCache/bc231332.bin', retrying in .5s...
[2023.10.02-04.26.07:159][  0]LogFileManager: Warning: MoveFile was unable to move '../../../../../Projeto Unreal/Basics/Intermediate/AssetRegistryCache/bc231332.bin.tmp' to '../../../../../Projeto Unreal/Basics/Intermediate/AssetRegistryCache/bc231332.bin', retrying in .5s...
[2023.10.02-04.26.07:660][  0]LogFileManager: Warning: MoveFile was unable to move '../../../../../Projeto Unreal/Basics/Intermediate/AssetRegistryCache/bc231332.bin.tmp' to '../../../../../Projeto Unreal/Basics/Intermediate/AssetRegistryCache/bc231332.bin', retrying in .5s...
[2023.10.02-04.26.08:161][  0]LogFileManager: Warning: MoveFile was unable to move '../../../../../Projeto Unreal/Basics/Intermediate/AssetRegistryCache/bc231332.bin.tmp' to '../../../../../Projeto Unreal/Basics/Intermediate/AssetRegistryCache/bc231332.bin', retrying in .5s...
[2023.10.02-04.26.08:662][  0]LogFileManager: Warning: MoveFile was unable to move '../../../../../Projeto Unreal/Basics/Intermediate/AssetRegistryCache/bc231332.bin.tmp' to '../../../../../Projeto Unreal/Basics/Intermediate/AssetRegistryCache/bc231332.bin', retrying in .5s...
[2023.10.02-04.26.09:164][  0]LogFileManager: Error: Error moving file '../../../../../Projeto Unreal/Basics/Intermediate/AssetRegistryCache/bc231332.bin.tmp' to '../../../../../Projeto Unreal/Basics/Intermediate/AssetRegistryCache/bc231332.bin'.
[2023.10.02-04.26.09:248][  0]LogPackageLocalizationCache: Processed 10 localized package path(s) for 2 prioritized culture(s) in 5.212087 seconds
[2023.10.02-04.26.09:256][  0]LogUObjectArray: 46750 objects as part of root set at end of initial load.
[2023.10.02-04.26.09:256][  0]LogUObjectAllocator: 8137160 out of 0 bytes used by permanent object pool.
[2023.10.02-04.26.09:256][  0]LogUObjectArray: CloseDisregardForGC: 0/0 objects in disregard for GC pool
[2023.10.02-04.26.09:656][  0]LogTcpMessaging: Initializing TcpMessaging bridge
[2023.10.02-04.26.09:659][  0]LogUdpMessaging: Initializing bridge on interface 0.0.0.0:0 to multicast group 230.0.0.1:6666.
[2023.10.02-04.26.09:708][  0]SourceControl: Controle de origem desativado
[2023.10.02-04.26.09:708][  0]SourceControl: Controle de origem desativado
[2023.10.02-04.26.09:845][  0]SourceControl: Controle de origem desativado
[2023.10.02-04.26.09:868][  0]SourceControl: Controle de origem desativado
[2023.10.02-04.26.09:872][  0]SourceControl: Controle de origem desativado
[2023.10.02-04.26.11:100][  0]LogAndroidPermission: UAndroidPermissionCallbackProxy::GetInstance
[2023.10.02-04.26.11:326][  0]LogAudioCaptureCore: Display: No Audio Capture implementations found. Audio input will be silent.
[2023.10.02-04.26.11:326][  0]LogAudioCaptureCore: Display: No Audio Capture implementations found. Audio input will be silent.
[2023.10.02-04.26.12:042][  0]LogOcInput: OculusInput pre-init called
[2023.10.02-04.26.12:083][  0]LogWindows: Failed to load 'OVRPlugin.dll' (GetLastError=126)
[2023.10.02-04.26.12:083][  0]LogWindows: File 'OVRPlugin.dll' does not exist
[2023.10.02-04.26.13:216][  0]LogEngine: Initializing Engine...
[2023.10.02-04.26.13:238][  0]LogHMD: Failed to initialize OpenVR with code 110
[2023.10.02-04.26.13:374][  0]LogStats: UGameplayTagsManager::InitializeManager -  0.030 s
[2023.10.02-04.26.14:212][  0]LogInit: Initializing FReadOnlyCVARCache
[2023.10.02-04.26.14:673][  0]LogAIModule: Creating AISystem for world Untitled
[2023.10.02-04.26.14:747][  0]LogAudioMixer: Display: Audio Mixer Platform Settings:
[2023.10.02-04.26.14:747][  0]LogAudioMixer: Display: 	Sample Rate:						  48000
[2023.10.02-04.26.14:747][  0]LogAudioMixer: Display: 	Callback Buffer Frame Size Requested: 1024
[2023.10.02-04.26.14:747][  0]LogAudioMixer: Display: 	Callback Buffer Frame Size To Use:	  1024
[2023.10.02-04.26.14:747][  0]LogAudioMixer: Display: 	Number of buffers to queue:			  2
[2023.10.02-04.26.14:747][  0]LogAudioMixer: Display: 	Max Channels (voices):				  32
[2023.10.02-04.26.14:747][  0]LogAudioMixer: Display: 	Number of Async Source Workers:		  0
[2023.10.02-04.26.14:747][  0]LogAudio: Display: AudioDevice MaxSources: 32
[2023.10.02-04.26.14:753][  0]LogAudio: Display: Using built-in audio occlusion.
[2023.10.02-04.26.14:753][  0]LogAudioMixer: Display: Initializing audio mixer.
[2023.10.02-04.26.14:882][  0]LogAudioMixer: Display: Audio Device Output Speaker Info:
[2023.10.02-04.26.14:882][  0]LogAudioMixer: Display: Name: VoiceMeeter Input (VB-Audio VoiceMeeter VAIO)
[2023.10.02-04.26.14:882][  0]LogAudioMixer: Display: Is Default: Yes
[2023.10.02-04.26.14:882][  0]LogAudioMixer: Display: Sample Rate: 48000
[2023.10.02-04.26.14:882][  0]LogAudioMixer: Display: Channel Count Used: 2
[2023.10.02-04.26.14:882][  0]LogAudioMixer: Display: Device Channel Count: 2
[2023.10.02-04.26.14:882][  0]LogAudioMixer: Display: Channel Order:
[2023.10.02-04.26.14:882][  0]LogAudioMixer: Display: 0: FrontLeft
[2023.10.02-04.26.14:882][  0]LogAudioMixer: Display: 1: FrontRight
[2023.10.02-04.26.14:906][  0]LogAudioMixer: Display: Using Audio Device VoiceMeeter Input (VB-Audio VoiceMeeter VAIO)
[2023.10.02-04.26.14:936][  0]LogInit: FAudioDevice initialized.
[2023.10.02-04.26.14:936][  0]LogNetVersion: Set ProjectVersion to 1.0.0.0. Version Checksum will be recalculated on next use.
[2023.10.02-04.26.15:095][  0]LogDerivedDataCache: Saved boot cache 0.16s 78MB C:/Users/rick_/AppData/Local/UnrealEngine/4.24/DerivedDataCache/Boot.ddc.
[2023.10.02-04.26.15:096][  0]LogInit: Texture streaming: Enabled
[2023.10.02-04.26.15:172][  0]LogEngineSessionManager: EngineSessionManager initialized
[2023.10.02-04.26.15:172][  0]LogEditorSessionSummary: Verbose: Initializing EditorSessionSummaryWriter for editor session tracking
[2023.10.02-04.26.15:194][  0]LogOutputDevice: Warning: 

Script Stack (0 frames):

[2023.10.02-04.26.19:521][  0]LogStats: FPlatformStackWalk::StackWalkAndDump -  4.327 s
[2023.10.02-04.26.19:521][  0]LogOutputDevice: Error: === Handled ensure: ===
[2023.10.02-04.26.19:521][  0]LogOutputDevice: Error: 
[2023.10.02-04.26.19:521][  0]LogOutputDevice: Error: Ensure condition failed: IsLocked() [File:D:/Build/++UE4/Sync/Engine/Source/Developer/EditorAnalyticsSession/Private/EditorAnalyticsSession.cpp] [Line: 279]
[2023.10.02-04.26.19:521][  0]LogOutputDevice: Error: 
[2023.10.02-04.26.19:521][  0]LogOutputDevice: Error: Stack: 
[2023.10.02-04.26.19:521][  0]LogOutputDevice: Error: [Callstack] 0x00007ffb1ee2e629 UE4Editor-EditorAnalyticsSession.dll!UnknownFunction []
[2023.10.02-04.26.19:521][  0]LogOutputDevice: Error: [Callstack] 0x00007ffb1ee29835 UE4Editor-EditorAnalyticsSession.dll!UnknownFunction []
[2023.10.02-04.26.19:521][  0]LogOutputDevice: Error: [Callstack] 0x00007ffaeaf38407 UE4Editor-Engine.dll!UnknownFunction []
[2023.10.02-04.26.19:521][  0]LogOutputDevice: Error: [Callstack] 0x00007ffaeba60f9b UE4Editor-Engine.dll!UnknownFunction []
[2023.10.02-04.26.19:521][  0]LogOutputDevice: Error: [Callstack] 0x00007ffae7939ccd UE4Editor-UnrealEd.dll!UnknownFunction []
[2023.10.02-04.26.19:521][  0]LogOutputDevice: Error: [Callstack] 0x00007ffae79391f3 UE4Editor-UnrealEd.dll!UnknownFunction []
[2023.10.02-04.26.19:521][  0]LogOutputDevice: Error: [Callstack] 0x00007ffae817f210 UE4Editor-UnrealEd.dll!UnknownFunction []
[2023.10.02-04.26.19:521][  0]LogOutputDevice: Error: [Callstack] 0x00007ff67daa2c2d UE4Editor.exe!UnknownFunction []
[2023.10.02-04.26.19:521][  0]LogOutputDevice: Error: [Callstack] 0x00007ffae814ca07 UE4Editor-UnrealEd.dll!UnknownFunction []
[2023.10.02-04.26.19:521][  0]LogOutputDevice: Error: [Callstack] 0x00007ff67dabc260 UE4Editor.exe!UnknownFunction []
[2023.10.02-04.26.19:521][  0]LogOutputDevice: Error: [Callstack] 0x00007ff67dabc4ca UE4Editor.exe!UnknownFunction []
[2023.10.02-04.26.19:521][  0]LogOutputDevice: Error: [Callstack] 0x00007ff67dacceae UE4Editor.exe!UnknownFunction []
[2023.10.02-04.26.19:521][  0]LogOutputDevice: Error: [Callstack] 0x00007ff67dacfcbe UE4Editor.exe!UnknownFunction []
[2023.10.02-04.26.19:521][  0]LogOutputDevice: Error: [Callstack] 0x00007ffb62a37344 KERNEL32.DLL!UnknownFunction []
[2023.10.02-04.26.19:521][  0]LogOutputDevice: Error: [Callstack] 0x00007ffb642e26b1 ntdll.dll!UnknownFunction []
[2023.10.02-04.26.19:521][  0]LogOutputDevice: Error: 
[2023.10.02-04.26.19:652][  0]LogStats:                SubmitErrorReport -  0.000 s
[2023.10.02-04.26.32:201][  0]LogStats:                    SendNewReport - 12.550 s
[2023.10.02-04.26.32:201][  0]LogStats:             FDebug::EnsureFailed - 17.007 s
[2023.10.02-04.26.32:239][  0]LogInit: Transaction tracking system initialized
[2023.10.02-04.26.32:248][  0]BlueprintLog: New page: Carregar Editor
[2023.10.02-04.26.32:276][  0]LocalizationService: Localization service is disabled
[2023.10.02-04.26.32:544][  0]LogCook: Display: Max memory allowance for cook 16384mb min free memory 0mb
[2023.10.02-04.26.32:544][  0]LogCook: Display: Mobile HDR setting 1
[2023.10.02-04.26.33:132][  0]LogFileCache: Scanning file cache for directory 'D:/Projeto Unreal/Basics/Content/' took 0.02s
[2023.10.02-04.26.35:877][  0]SourceControl: Controle de origem desativado
[2023.10.02-04.26.35:955][  0]Cmd: MAP LOAD FILE="../../../../../Projeto Unreal/Basics/Content/Maps/BasicsMap.umap" TEMPLATE=0 SHOWPROGRESS=1 FEATURELEVEL=3
[2023.10.02-04.26.36:016][  0]LightingResults: New page: Compilação de Iluminação
[2023.10.02-04.26.36:282][  0]LogWorld: UWorld::CleanupWorld for Untitled, bSessionEnded=true, bCleanupResources=true
[2023.10.02-04.26.36:323][  0]LogSlate: InvalidateAllWidgets triggered.  All widgets were invalidated
[2023.10.02-04.26.36:363][  0]MapCheck: New page: Verificação de Mapa
[2023.10.02-04.26.36:363][  0]LightingResults: New page: Compilação de Iluminação
[2023.10.02-04.26.37:429][  0]LogUObjectHash: Compacting FUObjectHashTables data took   2.08ms
[2023.10.02-04.26.42:327][  0]LogAIModule: Creating AISystem for world BasicsMap
[2023.10.02-04.26.43:567][  0]LogEditorServer: Finished looking for orphan Actors (0.000 secs)
[2023.10.02-04.26.43:819][  0]LogUObjectHash: Compacting FUObjectHashTables data took   2.20ms
[2023.10.02-04.26.43:819][  0]Cmd: MAP CHECKDEP NOCLEARLOG
[2023.10.02-04.26.43:820][  0]MapCheck: Map check complete: 0 Error(s), 0 Warning(s), took 1,036ms to complete.
[2023.10.02-04.26.43:820][  0]LogFileHelpers: Loading map 'BasicsMap' took 7.906
[2023.10.02-04.26.46:245][  0]LogSlate: Updating window title bar state: overlay mode, drag disabled, window buttons hidden, title bar hidden
[2023.10.02-04.26.46:304][  0]LogSlate: Updating window title bar state: overlay mode, drag disabled, window buttons hidden, title bar hidden
[2023.10.02-04.26.46:311][  0]LogSlate: Updating window title bar state: overlay mode, drag disabled, window buttons hidden, title bar hidden
[2023.10.02-04.26.46:317][  0]LogSlate: Updating window title bar state: overlay mode, drag disabled, window buttons hidden, title bar hidden
[2023.10.02-04.26.46:893][  0]LogCollectionManager: Loaded 0 collections in 0.001137 seconds
[2023.10.02-04.26.47:396][  0]LogFileCache: Scanning file cache for directory 'D:/Projeto Unreal/Basics/Saved/Collections/' took 0.00s
[2023.10.02-04.26.47:396][  0]LogFileCache: Scanning file cache for directory 'D:/Projeto Unreal/Basics/Content/Developers/rick/Collections/' took 0.00s
[2023.10.02-04.26.47:396][  0]LogFileCache: Scanning file cache for directory 'D:/Projeto Unreal/Basics/Content/Collections/' took 0.00s
[2023.10.02-04.26.47:396][  0]LogContentBrowser: Native class hierarchy populated in 0.0094 seconds. Added 3015 classes and 717 folders.
[2023.10.02-04.26.47:657][  0]LogContentBrowser: Native class hierarchy updated for 'WidgetCarousel' in 0.0003 seconds. Added 0 classes and 0 folders.
[2023.10.02-04.26.51:116][  0]LogContentBrowser: Native class hierarchy updated for 'AddContentDialog' in 0.0005 seconds. Added 0 classes and 0 folders.
[2023.10.02-04.26.51:636][  0]LogContentBrowser: Native class hierarchy updated for 'SceneOutliner' in 0.0006 seconds. Added 2 classes and 3 folders.
[2023.10.02-04.26.52:927][  0]LogSlate: Took 0.063590 seconds to synchronously load lazily loaded font '../../../Engine/Content/Slate/Fonts/Roboto-Regular.ttf' (155K)
[2023.10.02-04.26.53:060][  0]LogSlate: Took 0.125323 seconds to synchronously load lazily loaded font '../../../Engine/Content/Slate/Fonts/Roboto-Bold.ttf' (160K)
[2023.10.02-04.26.53:205][  0]LogSlate: Took 0.015431 seconds to synchronously load lazily loaded font '../../../Engine/Content/Editor/Slate/Fonts/FontAwesome.ttf' (139K)
[2023.10.02-04.26.54:295][  0]LogRenderer: Reallocating scene render targets to support 1168x572 Format 10 NumSamples 1 (Frame:1).
[2023.10.02-04.26.55:125][  0]LogContentBrowser: Native class hierarchy updated for 'HierarchicalLODOutliner' in 0.0004 seconds. Added 0 classes and 0 folders.
[2023.10.02-04.26.55:125][  0]LogLoad: (Engine Initialization) Total time: 90.72 seconds
[2023.10.02-04.26.55:125][  0]LogLoad: (Engine Initialization) Total Blueprint compile time: 0.00 seconds
[2023.10.02-04.26.56:160][  0]LogContentStreaming: Texture pool size now 1000 MB
[2023.10.02-04.26.56:163][  0]LogTemp: Resetting audio stream to device id 
